<?xml version="1.0" encoding="UTF-8"?>
<coverage generated="1580049969207" clover="3.2.0">
  <project timestamp="1580049969207" name="All files">
    <metrics statements="17" coveredstatements="17" conditionals="6" coveredconditionals="6" methods="3" coveredmethods="3" elements="26" coveredelements="26" complexity="0" loc="17" ncloc="17" packages="2" files="4" classes="4"/>
    <package name="components.common">
      <metrics statements="3" coveredstatements="3" conditionals="2" coveredconditionals="2" methods="1" coveredmethods="1"/>
      <file name="Constants.ts" path="C:\Personal\RuffleHelper\app\src\components\common\Constants.ts">
        <metrics statements="3" coveredstatements="3" conditionals="2" coveredconditionals="2" methods="1" coveredmethods="1"/>
        <line num="1" count="2" type="cond" truecount="2" falsecount="0"/>
        <line num="2" count="2" type="stmt"/>
        <line num="3" count="2" type="stmt"/>
      </file>
    </package>
    <package name="store.lang">
      <metrics statements="14" coveredstatements="14" conditionals="4" coveredconditionals="4" methods="2" coveredmethods="2"/>
      <file name="actions.ts" path="C:\Personal\RuffleHelper\app\src\store\lang\actions.ts">
        <metrics statements="4" coveredstatements="4" conditionals="0" coveredconditionals="0" methods="1" coveredmethods="1"/>
        <line num="1" count="1" type="stmt"/>
        <line num="3" count="1" type="stmt"/>
        <line num="5" count="1" type="stmt"/>
        <line num="7" count="1" type="stmt"/>
      </file>
      <file name="reducer.ts" path="C:\Personal\RuffleHelper\app\src\store\lang\reducer.ts">
        <metrics statements="8" coveredstatements="8" conditionals="4" coveredconditionals="4" methods="1" coveredmethods="1"/>
        <line num="2" count="1" type="stmt"/>
        <line num="3" count="1" type="stmt"/>
        <line num="6" count="1" type="stmt"/>
        <line num="8" count="6" type="cond" truecount="2" falsecount="0"/>
        <line num="9" count="4" type="stmt"/>
        <line num="11" count="2" type="stmt"/>
        <line num="14" count="2" type="stmt"/>
        <line num="21" count="1" type="stmt"/>
      </file>
      <file name="types.ts" path="C:\Personal\RuffleHelper\app\src\store\lang\types.ts">
        <metrics statements="2" coveredstatements="2" conditionals="0" coveredconditionals="0" methods="0" coveredmethods="0"/>
        <line num="3" count="2" type="stmt"/>
        <line num="12" count="2" type="stmt"/>
      </file>
    </package>
  </project>
</coverage>
