{"C:\\Personal\\RuffleHelper\\app\\src\\components\\common\\Constants.ts": {"path":"C:\\Personal\\RuffleHelper\\app\\src\\components\\common\\Constants.ts","statementMap":{"0":{"start":{"line":1,"column":0},"end":{"line":1,"column":null}},"1":{"start":{"line":2,"column":2},"end":{"line":2,"column":null}},"2":{"start":{"line":3,"column":2},"end":{"line":3,"column":null}}},"fnMap":{"0":{"name":"(anonymous_0)","decl":{"start":{"line":1,"column":0},"end":{"line":1,"column":12}},"loc":{"start":{"line":1,"column":21},"end":{"line":4,"column":1}}}},"branchMap":{"0":{"loc":{"start":{"line":1,"column":12},"end":{"line":1,"column":21}},"type":"binary-expr","locations":[{"start":{"line":1,"column":12},"end":{"line":1,"column":21}},{"start":{"line":1,"column":12},"end":{"line":1,"column":null}}]}},"s":{"0":2,"1":2,"2":2},"f":{"0":2},"b":{"0":[2,2]}}
,"C:\\Personal\\RuffleHelper\\app\\src\\store\\lang\\actions.ts": {"path":"C:\\Personal\\RuffleHelper\\app\\src\\store\\lang\\actions.ts","statementMap":{"0":{"start":{"line":1,"column":0},"end":{"line":1,"column":40}},"1":{"start":{"line":3,"column":0},"end":{"line":3,"column":59}},"2":{"start":{"line":5,"column":23},"end":{"line":5,"column":71}},"3":{"start":{"line":5,"column":65},"end":{"line":5,"column":99}},"4":{"start":{"line":7,"column":0},"end":{"line":7,"column":30}}},"fnMap":{"0":{"name":"(anonymous_0)","decl":{"start":{"line":5,"column":23},"end":{"line":5,"column":24}},"loc":{"start":{"line":5,"column":43},"end":{"line":5,"column":71}}}},"branchMap":{},"s":{"0":1,"1":1,"2":1,"3":1,"4":1},"f":{"0":1},"b":{}}
,"C:\\Personal\\RuffleHelper\\app\\src\\store\\lang\\reducer.ts": {"path":"C:\\Personal\\RuffleHelper\\app\\src\\store\\lang\\reducer.ts","statementMap":{"0":{"start":{"line":2,"column":0},"end":{"line":2,"column":62}},"1":{"start":{"line":3,"column":0},"end":{"line":3,"column":38}},"2":{"start":{"line":6,"column":13},"end":{"line":6,"column":57}},"3":{"start":{"line":8,"column":36},"end":{"line":17,"column":1}},"4":{"start":{"line":8,"column":37},"end":{"line":8,"column":59}},"5":{"start":{"line":9,"column":2},"end":{"line":16,"column":null}},"6":{"start":{"line":11,"column":6},"end":{"line":11,"column":28}},"7":{"start":{"line":14,"column":6},"end":{"line":14,"column":19}},"8":{"start":{"line":21,"column":19},"end":{"line":21,"column":30}}},"fnMap":{"0":{"name":"(anonymous_0)","decl":{"start":{"line":8,"column":36},"end":{"line":8,"column":37}},"loc":{"start":{"line":8,"column":65},"end":{"line":17,"column":1}}}},"branchMap":{"0":{"loc":{"start":{"line":8,"column":37},"end":{"line":8,"column":59}},"type":"if","locations":[{"start":{"line":8,"column":37},"end":{"line":8,"column":59}},{"start":{"line":8,"column":37},"end":{"line":8,"column":59}}]},"1":{"loc":{"start":{"line":10,"column":4},"end":{"line":12,"column":null}},"type":"switch","locations":[{"start":{"line":10,"column":4},"end":{"line":12,"column":null}},{"start":{"line":13,"column":4},"end":{"line":15,"column":null}}]}},"s":{"0":1,"1":1,"2":1,"3":1,"4":2,"5":2,"6":1,"7":1,"8":1},"f":{"0":2},"b":{"0":[0,2],"1":[1,1]}}
,"C:\\Personal\\RuffleHelper\\app\\src\\store\\lang\\types.ts": {"path":"C:\\Personal\\RuffleHelper\\app\\src\\store\\lang\\types.ts","statementMap":{"0":{"start":{"line":3,"column":24},"end":{"line":3,"column":52}},"1":{"start":{"line":12,"column":0},"end":{"line":12,"column":31}}},"fnMap":{},"branchMap":{},"s":{"0":2,"1":2},"f":{},"b":{}}
}
