TN:
SF:C:\Personal\RuffleHelper\app\src\components\common\Constants.ts
FN:1,(anonymous_0)
FNF:1
FNH:1
FNDA:2,(anonymous_0)
DA:1,2
DA:2,2
DA:3,2
LF:3
LH:3
BRDA:1,0,0,2
BRDA:1,0,1,2
BRF:2
BRH:2
end_of_record
TN:
SF:C:\Personal\RuffleHelper\app\src\store\lang\actions.ts
FN:5,(anonymous_0)
FNF:1
FNH:1
FNDA:1,(anonymous_0)
DA:1,1
DA:3,1
DA:5,1
DA:7,1
LF:4
LH:4
BRF:0
BRH:0
end_of_record
TN:
SF:C:\Personal\RuffleHelper\app\src\store\lang\reducer.ts
FN:8,(anonymous_0)
FNF:1
FNH:1
FNDA:2,(anonymous_0)
DA:2,1
DA:3,1
DA:6,1
DA:8,2
DA:9,2
DA:11,1
DA:14,1
DA:21,1
LF:8
LH:8
BRDA:8,0,0,0
BRDA:8,0,1,2
BRDA:10,1,0,1
BRDA:10,1,1,1
BRF:4
BRH:3
end_of_record
TN:
SF:C:\Personal\RuffleHelper\app\src\store\lang\types.ts
FNF:0
FNH:0
DA:3,2
DA:12,2
LF:2
LH:2
BRF:0
BRH:0
end_of_record
